<?xml version="1.0" encoding="UTF-8"?>
<!-- Generated by org.testng.reporters.JUnitReportReporter -->
<testsuite skipped="0" hostname="z-PC" name="Framework.TestNGMaven.TestNGBasics" tests="1" failures="0" timestamp="01 Jun 2019 17:07:39 GMT" time="0.031" errors="0">
  <testcase name="testCase" time="0.031" classname="Framework.TestNGMaven.TestNGBasics"/>
</testsuite> <!-- Framework.TestNGMaven.TestNGBasics -->
