<?xml version="1.0" encoding="UTF-8"?>
<!-- Generated by org.testng.reporters.JUnitReportReporter -->
<testsuite skipped="0" hostname="z-PC" name="Framework.TestNGMaven.Practice2" tests="1" failures="0" timestamp="02 Jun 2019 20:17:09 GMT" time="23.001" errors="0">
  <testcase name="testLaptopsAndNotebooks" time="23.001" classname="Framework.TestNGMaven.Practice2"/>
</testsuite> <!-- Framework.TestNGMaven.Practice2 -->
